<?xml version="1.0" encoding="UTF-8"?>
<testsuite name="Academy Choucair" tests="1" skipped="0" failures="0" errors="0" timestamp="2021-08-13T17:32:17" hostname="INFOS-288" time="64.776">
  <properties/>
  <testcase name="Search for a automation course" classname="Academy Choucair" time="64.776"/>
  <system-out><![CDATA[]]></system-out>
  <system-err><![CDATA[[Test worker] WARN net.thucydides.core.steps.BaseStepListener - stepStarted: net.thucydides.core.steps.ExecutedStepDescription@77d53386
[Test worker] WARN net.thucydides.core.steps.BaseStepListener - stepStarted: net.thucydides.core.steps.ExecutedStepDescription@2db79729
[Test worker] WARN net.thucydides.core.steps.BaseStepListener - stepStarted: net.thucydides.core.steps.ExecutedStepDescription@7c6a1406
ago 13, 2021 12:32:19 PM org.openqa.selenium.remote.DesiredCapabilities chrome
INFORMACIÓN: Using `new ChromeOptions()` is preferred to `DesiredCapabilities.chrome()`
[Test worker] INFO net.serenitybdd.core.webdriver.driverproviders.ProvideNewDriver - Instantiating driver
[Test worker] INFO net.serenitybdd.core.webdriver.driverproviders.ProvideNewDriver - Driver capabilities: Capabilities {acceptInsecureCerts: false, browserName: chrome, chrome.switches: --start-maximized, goog:chromeOptions: {args: [--start-maximized], extensions: []}, loggingPrefs: org.openqa.selenium.logging..., platform: ANY, version: }
Starting ChromeDriver 92.0.4515.107 (87a818b10553a07434ea9e2b6dccf3cbe7895134-refs/branch-heads/4515@{#1634}) on port 4005
Only local connections are allowed.
Please see https://chromedriver.chromium.org/security-considerations for suggestions on keeping ChromeDriver safe.
ChromeDriver was started successfully.
ago 13, 2021 12:32:38 PM org.openqa.selenium.remote.ProtocolHandshake createSession
INFORMACIÓN: Detected dialect: W3C
[Test worker] WARN net.thucydides.core.steps.BaseStepListener - stepFinished: current outcome:Search for a automation course:Given that brandon wants to learn automation at the academy Choucair
| strUser | strPassword |
| 89352098 | Choucair2021* | [Brandon open up [Brandon opens the Choucair academy page]]
[Test worker] WARN net.thucydides.core.steps.BaseStepListener - stepFinished: current outcome:Search for a automation course:Given that brandon wants to learn automation at the academy Choucair
| strUser | strPassword |
| 89352098 | Choucair2021* | [Brandon open up [Brandon opens the Choucair academy page]]
[Test worker] WARN net.thucydides.core.steps.BaseStepListener - stepStarted: net.thucydides.core.steps.ExecutedStepDescription@324ce3e9
[Test worker] WARN net.thucydides.core.steps.BaseStepListener - stepStarted: net.thucydides.core.steps.ExecutedStepDescription@3d44b3eb
[Test worker] WARN net.thucydides.core.steps.BaseStepListener - stepFinished: current outcome:Search for a automation course:Given that brandon wants to learn automation at the academy Choucair
| strUser | strPassword |
| 89352098 | Choucair2021* | [Brandon open up [Brandon opens the Choucair academy page], Brandon login [Brandon clicks on button that shows us the form lo login]]
[Test worker] WARN net.thucydides.core.steps.BaseStepListener - stepStarted: net.thucydides.core.steps.ExecutedStepDescription@4a2f2bab
[Test worker] WARN net.thucydides.core.steps.BaseStepListener - stepFinished: current outcome:Search for a automation course:Given that brandon wants to learn automation at the academy Choucair
| strUser | strPassword |
| 89352098 | Choucair2021* | [Brandon open up [Brandon opens the Choucair academy page], Brandon login [Brandon clicks on button that shows us the form lo login, Brandon enters '89352098' into where do we write the user]]
[Test worker] WARN net.thucydides.core.steps.BaseStepListener - stepStarted: net.thucydides.core.steps.ExecutedStepDescription@3b91e101
[Test worker] WARN net.thucydides.core.steps.BaseStepListener - stepFinished: current outcome:Search for a automation course:Given that brandon wants to learn automation at the academy Choucair
| strUser | strPassword |
| 89352098 | Choucair2021* | [Brandon open up [Brandon opens the Choucair academy page], Brandon login [Brandon clicks on button that shows us the form lo login, Brandon enters '89352098' into where do we write the user, Brandon enters 'Choucair2021*' into where do we write the password]]
[Test worker] WARN net.thucydides.core.steps.BaseStepListener - stepStarted: net.thucydides.core.steps.ExecutedStepDescription@7baa6a6c
[Test worker] WARN net.thucydides.core.steps.BaseStepListener - stepFinished: current outcome:Search for a automation course:Given that brandon wants to learn automation at the academy Choucair
| strUser | strPassword |
| 89352098 | Choucair2021* | [Brandon open up [Brandon opens the Choucair academy page], Brandon login [Brandon clicks on button that shows us the form lo login, Brandon enters '89352098' into where do we write the user, Brandon enters 'Choucair2021*' into where do we write the password, Brandon clicks on button to enter the system]]
[Test worker] WARN net.thucydides.core.steps.BaseStepListener - stepFinished: current outcome:Search for a automation course:Given that brandon wants to learn automation at the academy Choucair
| strUser | strPassword |
| 89352098 | Choucair2021* | [Brandon open up [Brandon opens the Choucair academy page], Brandon login [Brandon clicks on button that shows us the form lo login, Brandon enters '89352098' into where do we write the user, Brandon enters 'Choucair2021*' into where do we write the password, Brandon clicks on button to enter the system]]
[Test worker] WARN net.thucydides.core.steps.BaseStepListener - stepFinished: current outcome:Search for a automation course:Given that brandon wants to learn automation at the academy Choucair
| strUser | strPassword |
| 89352098 | Choucair2021* | [Brandon open up [Brandon opens the Choucair academy page], Brandon login [Brandon clicks on button that shows us the form lo login, Brandon enters '89352098' into where do we write the user, Brandon enters 'Choucair2021*' into where do we write the password, Brandon clicks on button to enter the system]]
[Test worker] WARN net.thucydides.core.steps.BaseStepListener - stepStarted: net.thucydides.core.steps.ExecutedStepDescription@4baebe51
[Test worker] WARN net.thucydides.core.steps.BaseStepListener - stepStarted: net.thucydides.core.steps.ExecutedStepDescription@13117457
[Test worker] WARN net.thucydides.core.steps.BaseStepListener - stepStarted: net.thucydides.core.steps.ExecutedStepDescription@197de2c4
[Test worker] WARN net.thucydides.core.steps.BaseStepListener - stepFinished: current outcome:Search for a automation course:Given that brandon wants to learn automation at the academy Choucair
| strUser | strPassword |
| 89352098 | Choucair2021* | [Brandon open up [Brandon opens the Choucair academy page], Brandon login [Brandon clicks on button that shows us the form lo login, Brandon enters '89352098' into where do we write the user, Brandon enters 'Choucair2021*' into where do we write the password, Brandon clicks on button to enter the system]], When he search fot the course
| strCourse |
| Foundation Express | [Brandon search [Brandon clicks on select the university Choucair]]
[Test worker] WARN net.thucydides.core.steps.BaseStepListener - stepStarted: net.thucydides.core.steps.ExecutedStepDescription@7ab5ffc9
[Test worker] WARN net.thucydides.core.steps.BaseStepListener - stepFinished: current outcome:Search for a automation course:Given that brandon wants to learn automation at the academy Choucair
| strUser | strPassword |
| 89352098 | Choucair2021* | [Brandon open up [Brandon opens the Choucair academy page], Brandon login [Brandon clicks on button that shows us the form lo login, Brandon enters '89352098' into where do we write the user, Brandon enters 'Choucair2021*' into where do we write the password, Brandon clicks on button to enter the system]], When he search fot the course
| strCourse |
| Foundation Express | [Brandon search [Brandon clicks on select the university Choucair, Brandon enters 'Foundation Express' into select the university Choucair]]
[Test worker] WARN net.thucydides.core.steps.BaseStepListener - stepStarted: net.thucydides.core.steps.ExecutedStepDescription@660d8cf0
[Test worker] WARN net.thucydides.core.steps.BaseStepListener - stepFinished: current outcome:Search for a automation course:Given that brandon wants to learn automation at the academy Choucair
| strUser | strPassword |
| 89352098 | Choucair2021* | [Brandon open up [Brandon opens the Choucair academy page], Brandon login [Brandon clicks on button that shows us the form lo login, Brandon enters '89352098' into where do we write the user, Brandon enters 'Choucair2021*' into where do we write the password, Brandon clicks on button to enter the system]], When he search fot the course
| strCourse |
| Foundation Express | [Brandon search [Brandon clicks on select the university Choucair, Brandon enters 'Foundation Express' into select the university Choucair, Brandon clicks on select the university Choucair]]
[Test worker] WARN net.thucydides.core.steps.BaseStepListener - stepStarted: net.thucydides.core.steps.ExecutedStepDescription@af55c23
[Test worker] WARN net.thucydides.core.steps.BaseStepListener - stepFinished: current outcome:Search for a automation course:Given that brandon wants to learn automation at the academy Choucair
| strUser | strPassword |
| 89352098 | Choucair2021* | [Brandon open up [Brandon opens the Choucair academy page], Brandon login [Brandon clicks on button that shows us the form lo login, Brandon enters '89352098' into where do we write the user, Brandon enters 'Choucair2021*' into where do we write the password, Brandon clicks on button to enter the system]], When he search fot the course
| strCourse |
| Foundation Express | [Brandon search [Brandon clicks on select the university Choucair, Brandon enters 'Foundation Express' into select the university Choucair, Brandon clicks on select the university Choucair, Brandon clicks on select the university Choucair]]
[Test worker] WARN net.thucydides.core.steps.BaseStepListener - stepStarted: net.thucydides.core.steps.ExecutedStepDescription@5a4d2f45
[Test worker] WARN net.thucydides.core.steps.BaseStepListener - stepFinished: current outcome:Search for a automation course:Given that brandon wants to learn automation at the academy Choucair
| strUser | strPassword |
| 89352098 | Choucair2021* | [Brandon open up [Brandon opens the Choucair academy page], Brandon login [Brandon clicks on button that shows us the form lo login, Brandon enters '89352098' into where do we write the user, Brandon enters 'Choucair2021*' into where do we write the password, Brandon clicks on button to enter the system]], When he search fot the course
| strCourse |
| Foundation Express | [Brandon search [Brandon clicks on select the university Choucair, Brandon enters 'Foundation Express' into select the university Choucair, Brandon clicks on select the university Choucair, Brandon clicks on select the university Choucair, Brandon clicks on select the university Choucair]]
[Test worker] WARN net.thucydides.core.steps.BaseStepListener - stepFinished: current outcome:Search for a automation course:Given that brandon wants to learn automation at the academy Choucair
| strUser | strPassword |
| 89352098 | Choucair2021* | [Brandon open up [Brandon opens the Choucair academy page], Brandon login [Brandon clicks on button that shows us the form lo login, Brandon enters '89352098' into where do we write the user, Brandon enters 'Choucair2021*' into where do we write the password, Brandon clicks on button to enter the system]], When he search fot the course
| strCourse |
| Foundation Express | [Brandon search [Brandon clicks on select the university Choucair, Brandon enters 'Foundation Express' into select the university Choucair, Brandon clicks on select the university Choucair, Brandon clicks on select the university Choucair, Brandon clicks on select the university Choucair]]
[Test worker] WARN net.thucydides.core.steps.BaseStepListener - stepFinished: current outcome:Search for a automation course:Given that brandon wants to learn automation at the academy Choucair
| strUser | strPassword |
| 89352098 | Choucair2021* | [Brandon open up [Brandon opens the Choucair academy page], Brandon login [Brandon clicks on button that shows us the form lo login, Brandon enters '89352098' into where do we write the user, Brandon enters 'Choucair2021*' into where do we write the password, Brandon clicks on button to enter the system]], When he search fot the course
| strCourse |
| Foundation Express | [Brandon search [Brandon clicks on select the university Choucair, Brandon enters 'Foundation Express' into select the university Choucair, Brandon clicks on select the university Choucair, Brandon clicks on select the university Choucair, Brandon clicks on select the university Choucair]]
[Test worker] WARN net.thucydides.core.steps.BaseStepListener - stepStarted: net.thucydides.core.steps.ExecutedStepDescription@7b6a3398
[Test worker] WARN net.thucydides.core.steps.BaseStepListener - stepStarted: net.thucydides.core.steps.ExecutedStepDescription@1bcc2d19
[Test worker] WARN net.thucydides.core.steps.BaseStepListener - stepFinished: current outcome:Search for a automation course:Given that brandon wants to learn automation at the academy Choucair
| strUser | strPassword |
| 89352098 | Choucair2021* | [Brandon open up [Brandon opens the Choucair academy page], Brandon login [Brandon clicks on button that shows us the form lo login, Brandon enters '89352098' into where do we write the user, Brandon enters 'Choucair2021*' into where do we write the password, Brandon clicks on button to enter the system]], When he search fot the course
| strCourse |
| Foundation Express | [Brandon search [Brandon clicks on select the university Choucair, Brandon enters 'Foundation Express' into select the university Choucair, Brandon clicks on select the university Choucair, Brandon clicks on select the university Choucair, Brandon clicks on select the university Choucair]], Then he finds the course called recources
| strCourse |
| Foundation Express | [Then answer]
[Test worker] WARN net.thucydides.core.steps.BaseStepListener - stepFinished: current outcome:Search for a automation course:Given that brandon wants to learn automation at the academy Choucair
| strUser | strPassword |
| 89352098 | Choucair2021* | [Brandon open up [Brandon opens the Choucair academy page], Brandon login [Brandon clicks on button that shows us the form lo login, Brandon enters '89352098' into where do we write the user, Brandon enters 'Choucair2021*' into where do we write the password, Brandon clicks on button to enter the system]], When he search fot the course
| strCourse |
| Foundation Express | [Brandon search [Brandon clicks on select the university Choucair, Brandon enters 'Foundation Express' into select the university Choucair, Brandon clicks on select the university Choucair, Brandon clicks on select the university Choucair, Brandon clicks on select the university Choucair]], Then he finds the course called recources
| strCourse |
| Foundation Express | [Then answer]
[Test worker] WARN net.thucydides.core.steps.BaseStepListener - testFinished: Search for a automation course:Given that brandon wants to learn automation at the academy Choucair
| strUser | strPassword |
| 89352098 | Choucair2021* | [Brandon open up [Brandon opens the Choucair academy page], Brandon login [Brandon clicks on button that shows us the form lo login, Brandon enters '89352098' into where do we write the user, Brandon enters 'Choucair2021*' into where do we write the password, Brandon clicks on button to enter the system]], When he search fot the course
| strCourse |
| Foundation Express | [Brandon search [Brandon clicks on select the university Choucair, Brandon enters 'Foundation Express' into select the university Choucair, Brandon clicks on select the university Choucair, Brandon clicks on select the university Choucair, Brandon clicks on select the university Choucair]], Then he finds the course called recources
| strCourse |
| Foundation Express | [Then answer]
[Test worker] WARN net.thucydides.core.steps.BaseStepListener - TestOutcomes: [Search for a automation course:Given that brandon wants to learn automation at the academy Choucair
| strUser | strPassword |
| 89352098 | Choucair2021* | [Brandon open up [Brandon opens the Choucair academy page], Brandon login [Brandon clicks on button that shows us the form lo login, Brandon enters '89352098' into where do we write the user, Brandon enters 'Choucair2021*' into where do we write the password, Brandon clicks on button to enter the system]], When he search fot the course
| strCourse |
| Foundation Express | [Brandon search [Brandon clicks on select the university Choucair, Brandon enters 'Foundation Express' into select the university Choucair, Brandon clicks on select the university Choucair, Brandon clicks on select the university Choucair, Brandon clicks on select the university Choucair]], Then he finds the course called recources
| strCourse |
| Foundation Express | [Then answer]]
[Test worker] WARN net.thucydides.core.steps.BaseStepListener - Final testOutcomes: [Search for a automation course:Given that brandon wants to learn automation at the academy Choucair
| strUser | strPassword |
| 89352098 | Choucair2021* | [Brandon open up [Brandon opens the Choucair academy page], Brandon login [Brandon clicks on button that shows us the form lo login, Brandon enters '89352098' into where do we write the user, Brandon enters 'Choucair2021*' into where do we write the password, Brandon clicks on button to enter the system]], When he search fot the course
| strCourse |
| Foundation Express | [Brandon search [Brandon clicks on select the university Choucair, Brandon enters 'Foundation Express' into select the university Choucair, Brandon clicks on select the university Choucair, Brandon clicks on select the university Choucair, Brandon clicks on select the university Choucair]], Then he finds the course called recources
| strCourse |
| Foundation Express | [Then answer]]
[Test worker] INFO net.thucydides.core.steps.ConsoleLoggingListener - 
        __    _____ _____ ____ _____   ____   _    ____  ____  _____ ____  
  _     \ \  |_   _| ____/ ___|_   _| |  _ \ / \  / ___|/ ___|| ____|  _ \ 
 (_)_____| |   | | |  _| \___ \ | |   | |_) / _ \ \___ \\___ \|  _| | | | |
  _|_____| |   | | | |___ ___) || |   |  __/ ___ \ ___) |___) | |___| |_| |
 (_)     | |   |_| |_____|____/ |_|   |_| /_/   \_\____/|____/|_____|____/ 
        /_/                                                                

TEST PASSED: Search for a automation course
----------------------------------------------------------------------------
]]></system-err>
</testsuite>
